# JRE version: Java(TM) SE Runtime Environment (8.0_101-b13) (build 1.8.0_101-b13)
# Java VM: Java HotSpot(TM) 64-Bit Server VM (25.101-b13 mixed mode windows-amd64 compressed oops)
Heap:
 PSYoungGen      total 292352K, used 15281K [0x00000000eab00000, 0x00000000fdc00000, 0x0000000100000000)
  eden space 273408K, 5% used [0x00000000eab00000,0x00000000eb9ec530,0x00000000fb600000)
  from space 18944K, 0% used [0x00000000fc980000,0x00000000fc980000,0x00000000fdc00000)
  to   space 19456K, 0% used [0x00000000fb600000,0x00000000fb600000,0x00000000fc900000)
 ParOldGen       total 58880K, used 27229K [0x00000000c0000000, 0x00000000c3980000, 0x00000000eab00000)
  object space 58880K, 46% used [0x00000000c0000000,0x00000000c1a97660,0x00000000c3980000)
 Metaspace       used 62912K, capacity 64356K, committed 68096K, reserved 1107968K
  class space    used 8018K, capacity 8189K, committed 9216K, reserved 1048576K
GC Heap History (10 events):
Event: 5872.453 GC heap before
{Heap before GC invocations=40 (full 10):
 PSYoungGen      total 293376K, used 11567K [0x00000000eab00000, 0x00000000fdd00000, 0x0000000100000000)
  eden space 273408K, 0% used [0x00000000eab00000,0x00000000eab00000,0x00000000fb600000)
  from space 19968K, 57% used [0x00000000fc980000,0x00000000fd4cbf10,0x00000000fdd00000)
  to   space 19968K, 0% used [0x00000000fb600000,0x00000000fb600000,0x00000000fc980000)
 ParOldGen       total 58880K, used 27250K [0x00000000c0000000, 0x00000000c3980000, 0x00000000eab00000)
  object space 58880K, 46% used [0x00000000c0000000,0x00000000c1a9ca38,0x00000000c3980000)
 Metaspace       used 62800K, capacity 64370K, committed 67584K, reserved 1107968K
  class space    used 8097K, capacity 8370K, committed 9216K, reserved 1048576K
Event: 5887.854 GC heap after
Heap after GC invocations=40 (full 10):
 PSYoungGen      total 293376K, used 0K [0x00000000eab00000, 0x00000000fdd00000, 0x0000000100000000)
  eden space 273408K, 0% used [0x00000000eab00000,0x00000000eab00000,0x00000000fb600000)
  from space 19968K, 0% used [0x00000000fc980000,0x00000000fc980000,0x00000000fdd00000)
  to   space 19968K, 0% used [0x00000000fb600000,0x00000000fb600000,0x00000000fc980000)
 ParOldGen       total 58880K, used 36958K [0x00000000c0000000, 0x00000000c3980000, 0x00000000eab00000)
  object space 58880K, 62% used [0x00000000c0000000,0x00000000c2417a60,0x00000000c3980000)
 Metaspace       used 62800K, capacity 64370K, committed 67584K, reserved 1107968K
  class space    used 8097K, capacity 8370K, committed 9216K, reserved 1048576K
}
Event: 6011.580 GC heap before
{Heap before GC invocations=41 (full 10):
 PSYoungGen      total 293376K, used 117765K [0x00000000eab00000, 0x00000000fdd00000, 0x0000000100000000)
  eden space 273408K, 43% used [0x00000000eab00000,0x00000000f1e014a0,0x00000000fb600000)
  from space 19968K, 0% used [0x00000000fc980000,0x00000000fc980000,0x00000000fdd00000)
  to   space 19968K, 0% used [0x00000000fb600000,0x00000000fb600000,0x00000000fc980000)
 ParOldGen       total 58880K, used 36958K [0x00000000c0000000, 0x00000000c3980000, 0x00000000eab00000)
  object space 58880K, 62% used [0x00000000c0000000,0x00000000c2417a60,0x00000000c3980000)
 Metaspace       used 63039K, capacity 64720K, committed 67840K, reserved 1107968K
  class space    used 8123K, capacity 8411K, committed 9216K, reserved 1048576K
Event: 6011.659 GC heap after
Heap after GC invocations=41 (full 10):
 PSYoungGen      total 293376K, used 1752K [0x00000000eab00000, 0x00000000fdd00000, 0x0000000100000000)
  eden space 273408K, 0% used [0x00000000eab00000,0x00000000eab00000,0x00000000fb600000)
  from space 19968K, 8% used [0x00000000fb600000,0x00000000fb7b60f0,0x00000000fc980000)
  to   space 19968K, 0% used [0x00000000fc980000,0x00000000fc980000,0x00000000fdd00000)
 ParOldGen       total 58880K, used 36966K [0x00000000c0000000, 0x00000000c3980000, 0x00000000eab00000)
  object space 58880K, 62% used [0x00000000c0000000,0x00000000c2419a60,0x00000000c3980000)
 Metaspace       used 63039K, capacity 64720K, committed 67840K, reserved 1107968K
  class space    used 8123K, capacity 8411K, committed 9216K, reserved 1048576K
}
Event: 6011.659 GC heap before
{Heap before GC invocations=42 (full 11):
 PSYoungGen      total 293376K, used 1752K [0x00000000eab00000, 0x00000000fdd00000, 0x0000000100000000)
  eden space 273408K, 0% used [0x00000000eab00000,0x00000000eab00000,0x00000000fb600000)
  from space 19968K, 8% used [0x00000000fb600000,0x00000000fb7b60f0,0x00000000fc980000)
  to   space 19968K, 0% used [0x00000000fc980000,0x00000000fc980000,0x00000000fdd00000)
 ParOldGen       total 58880K, used 36966K [0x00000000c0000000, 0x00000000c3980000, 0x00000000eab00000)
  object space 58880K, 62% used [0x00000000c0000000,0x00000000c2419a60,0x00000000c3980000)
 Metaspace       used 63039K, capacity 64720K, committed 67840K, reserved 1107968K
  class space    used 8123K, capacity 8411K, committed 9216K, reserved 1048576K
Event: 6011.982 GC heap after
Heap after GC invocations=42 (full 11):
 PSYoungGen      total 293376K, used 0K [0x00000000eab00000, 0x00000000fdd00000, 0x0000000100000000)
  eden space 273408K, 0% used [0x00000000eab00000,0x00000000eab00000,0x00000000fb600000)
  from space 19968K, 0% used [0x00000000fb600000,0x00000000fb600000,0x00000000fc980000)
  to   space 19968K, 0% used [0x00000000fc980000,0x00000000fc980000,0x00000000fdd00000)
 ParOldGen       total 58880K, used 37704K [0x00000000c0000000, 0x00000000c3980000, 0x00000000eab00000)
  object space 58880K, 64% used [0x00000000c0000000,0x00000000c24d2020,0x00000000c3980000)
 Metaspace       used 63039K, capacity 64720K, committed 67840K, reserved 1107968K
  class space    used 8123K, capacity 8411K, committed 9216K, reserved 1048576K
}
Event: 7388.349 GC heap before
{Heap before GC invocations=43 (full 11):
 PSYoungGen      total 293376K, used 168696K [0x00000000eab00000, 0x00000000fdd00000, 0x0000000100000000)
  eden space 273408K, 61% used [0x00000000eab00000,0x00000000f4fbe3c8,0x00000000fb600000)
  from space 19968K, 0% used [0x00000000fb600000,0x00000000fb600000,0x00000000fc980000)
  to   space 19968K, 0% used [0x00000000fc980000,0x00000000fc980000,0x00000000fdd00000)
 ParOldGen       total 58880K, used 37704K [0x00000000c0000000, 0x00000000c3980000, 0x00000000eab00000)
  object space 58880K, 64% used [0x00000000c0000000,0x00000000c24d2020,0x00000000c3980000)
 Metaspace       used 63349K, capacity 65278K, committed 68096K, reserved 1107968K
  class space    used 8145K, capacity 8444K, committed 9216K, reserved 1048576K
Event: 7388.669 GC heap after
Heap after GC invocations=43 (full 11):
 PSYoungGen      total 292352K, used 2060K [0x00000000eab00000, 0x00000000fdc00000, 0x0000000100000000)
  eden space 273408K, 0% used [0x00000000eab00000,0x00000000eab00000,0x00000000fb600000)
  from space 18944K, 10% used [0x00000000fc980000,0x00000000fcb83360,0x00000000fdc00000)
  to   space 19456K, 0% used [0x00000000fb600000,0x00000000fb600000,0x00000000fc900000)
 ParOldGen       total 58880K, used 37712K [0x00000000c0000000, 0x00000000c3980000, 0x00000000eab00000)
  object space 58880K, 64% used [0x00000000c0000000,0x00000000c24d4020,0x00000000c3980000)
 Metaspace       used 63349K, capacity 65278K, committed 68096K, reserved 1107968K
  class space    used 8145K, capacity 8444K, committed 9216K, reserved 1048576K
}
Event: 7388.669 GC heap before
{Heap before GC invocations=44 (full 12):
 PSYoungGen      total 292352K, used 2060K [0x00000000eab00000, 0x00000000fdc00000, 0x0000000100000000)
  eden space 273408K, 0% used [0x00000000eab00000,0x00000000eab00000,0x00000000fb600000)
  from space 18944K, 10% used [0x00000000fc980000,0x00000000fcb83360,0x00000000fdc00000)
  to   space 19456K, 0% used [0x00000000fb600000,0x00000000fb600000,0x00000000fc900000)
 ParOldGen       total 58880K, used 37712K [0x00000000c0000000, 0x00000000c3980000, 0x00000000eab00000)
  object space 58880K, 64% used [0x00000000c0000000,0x00000000c24d4020,0x00000000c3980000)
 Metaspace       used 63349K, capacity 65278K, committed 68096K, reserved 1107968K
  class space    used 8145K, capacity 8444K, committed 9216K, reserved 1048576K
Event: 7390.937 GC heap after
Heap after GC invocations=44 (full 12):
 PSYoungGen      total 292352K, used 0K [0x00000000eab00000, 0x00000000fdc00000, 0x0000000100000000)
  eden space 273408K, 0% used [0x00000000eab00000,0x00000000eab00000,0x00000000fb600000)
  from space 18944K, 0% used [0x00000000fc980000,0x00000000fc980000,0x00000000fdc00000)
  to   space 19456K, 0% used [0x00000000fb600000,0x00000000fb600000,0x00000000fc900000)
 ParOldGen       total 58880K, used 27229K [0x00000000c0000000, 0x00000000c3980000, 0x00000000eab00000)
  object space 58880K, 46% used [0x00000000c0000000,0x00000000c1a97660,0x00000000c3980000)
 Metaspace       used 62744K, capacity 64098K, committed 68096K, reserved 1107968K
  class space    used 7992K, capacity 8144K, committed 9216K, reserved 1048576K
}

